<?xml version="1.0" encoding="UTF-8"?>
<!-- Generated by org.testng.reporters.JUnitReportReporter -->
<testsuite hostname="DESKTOP-TRSSD6R" failures="0" tests="1" name="Module1.Functionality1Test" time="0.011" errors="0" timestamp="2022-01-16T14:06:59 IST" skipped="0">
  <testcase classname="Module1.Functionality1Test" name="test1" time="0.011"/>
  <system-out/>
</testsuite> <!-- Module1.Functionality1Test -->
