<?xml version="1.0" encoding="UTF-8"?>
<!-- Generated by org.testng.reporters.JUnitReportReporter -->
<testsuite hostname="DESKTOP-TRSSD6R" failures="0" tests="1" name="Module2.Functionality2Test" time="0.002" errors="0" timestamp="2022-01-16T14:06:59 IST" skipped="0">
  <testcase classname="Module2.Functionality2Test" name="test2" time="0.002"/>
  <system-out/>
</testsuite> <!-- Module2.Functionality2Test -->
